[2020-11-12 16:25:28,600][DEBUG   ]: First run of TexText. Enforcing DEBUG mode.          //  base.py:132  
[2020-11-12 16:25:28,600][DEBUG   ]: TexText initialized          //  base.py:141  
[2020-11-12 16:25:28,600][DEBUG   ]: TexText version = '1.2.0' (md5sum = e4fabeef2c21d606483f48a642d72635)          //  base.py:143  
[2020-11-12 16:25:28,600][DEBUG   ]: platform.system() = 'Darwin'          //  base.py:146  
[2020-11-12 16:25:28,600][DEBUG   ]: platform.release() = '20.1.0'          //  base.py:147  
[2020-11-12 16:25:28,600][DEBUG   ]: platform.version() = 'Darwin Kernel Version 20.1.0: Thu Oct 29 05:35:40 PDT 2020; root:xnu-7195.50.5~4/RELEASE_X86_64'          //  base.py:148  
[2020-11-12 16:25:28,600][DEBUG   ]: platform.machine() = 'x86_64'          //  base.py:150  
[2020-11-12 16:25:28,600][DEBUG   ]: platform.uname() = uname_result(system='Darwin', node='HasanAbbas', release='20.1.0', version='Darwin Kernel Version 20.1.0: Thu Oct 29 05:35:40 PDT 2020; root:xnu-7195.50.5~4/RELEASE_X86_64', machine='x86_64', processor='i386')          //  base.py:151  
[2020-11-12 16:25:28,623][DEBUG   ]: platform.mac_ver() = ('10.16', ('', '', ''), 'x86_64')          //  base.py:152  
[2020-11-12 16:25:28,623][DEBUG   ]: sys.executable = '/Applications/Multimedia/Inkscape.app/Contents/Resources/bin/python3'          //  base.py:154  
[2020-11-12 16:25:28,624][DEBUG   ]: sys.version = '3.8.5 (default, Sep  8 2020, 23:22:39) \n[Clang 11.0.0 (clang-1100.0.33.17)]'          //  base.py:155  
[2020-11-12 16:25:28,624][DEBUG   ]: os.environ = environ({'USER': 'hasanabbas', '__CFBundleIdentifier': 'org.inkscape.Inkscape', 'COMMAND_MODE': 'unix2003', 'DBUS_LAUNCHD_SESSION_BUS_SOCKET': '/private/tmp/com.apple.launchd.ocjSU8cJ2M/unix_domain_listener', 'LOGNAME': 'hasanabbas', 'PATH': '/Applications/Multimedia/Inkscape.app/Contents/MacOS:/Applications/Multimedia/Inkscape.app/Contents/MacOS/../Resources/bin:/usr/bin:/bin:/usr/sbin:/sbin', 'SSH_AUTH_SOCK': '/private/tmp/com.apple.launchd.xB4GsjIyOz/Listeners', 'SHELL': '/bin/zsh', 'HOME': '/Users/hasanabbas', '__CF_USER_TEXT_ENCODING': '0x1F6:0x0:0x2', 'TMPDIR': '/var/folders/gm/4vzvm60d0tx4rj2pycqbmb_40000gp/T/', 'XPC_SERVICE_NAME': '0', 'XPC_FLAGS': '0x0', 'XDG_DATA_HOME': '/Users/hasanabbas/Library/Application Support/org.inkscape.Inkscape/share', 'XDG_DATA_DIRS': '/Applications/Multimedia/Inkscape.app/Contents/MacOS/../Resources/share', 'XDG_CONFIG_HOME': '/Users/hasanabbas/Library/Application Support/org.inkscape.Inkscape/config', 'XDG_CONFIG_DIRS': '/Applications/Multimedia/Inkscape.app/Contents/MacOS/../Resources/etc/xdg', 'XDG_CACHE_HOME': '/Users/hasanabbas/Library/Application Support/org.inkscape.Inkscape/cache', 'GTK_EXE_PREFIX': '/Applications/Multimedia/Inkscape.app/Contents/MacOS/../Resources', 'GTK_DATA_PREFIX': '/Applications/Multimedia/Inkscape.app/Contents/MacOS/../Resources', 'GDK_PIXBUF_MODULE_FILE': '/Applications/Multimedia/Inkscape.app/Contents/MacOS/../Resources/lib/gdk-pixbuf-2.0/2.10.0/loaders.cache', 'INKSCAPE_LOCALEDIR': '/Applications/Multimedia/Inkscape.app/Contents/MacOS/../Resources/share/locale', 'FONTCONFIG_PATH': '/Applications/Multimedia/Inkscape.app/Contents/MacOS/../Resources/etc/fonts', 'GIO_MODULE_DIR': '/Applications/Multimedia/Inkscape.app/Contents/MacOS/../Resources/lib/gio/modules', 'GI_TYPELIB_PATH': '/Applications/Multimedia/Inkscape.app/Contents/MacOS/../Resources/lib/girepository-1.0', 'DYLD_LIBRARY_PATH': '/Applications/Multimedia/Inkscape.app/Contents/MacOS/../Resources/lib:/Applications/Multimedia/Inkscape.app/Contents/MacOS/../Resources/lib/gdk-pixbuf-2.0/2.10.0/loaders', 'PYTHONPATH': '/Users/hasanabbas/Library/Application Support/org.inkscape.Inkscape/config/inkscape/extensions:/Applications/Multimedia/Inkscape.app/Contents/Resources/share/inkscape/extensions:/Applications/Multimedia/Inkscape.app/Contents/Resources/share/inkscape/extensions/inkex/deprecated-simple', 'PYTHONIOENCODING': 'UTF-8', 'INKEX_GETTEXT_DOMAIN': 'inkscape', 'INKEX_GETTEXT_DIRECTORY': '/Applications/Multimedia/Inkscape.app/Contents/MacOS/../Resources/share/locale', 'LC_CTYPE': 'UTF-8'})          //  base.py:156  
[2020-11-12 16:25:28,852][INFO    ]: Using `pdflatex-executable` = `/Library/TeX/texbin/pdflatex`          //  requirements_check.py:588  
[2020-11-12 16:25:29,152][SUCCESS ]: + [Succ] TexText requirements          //  requirements_check.py:690  
[2020-11-12 16:25:29,153][SUCCESS ]: /-and-* [Succ] Detect inkscape>=1.0          //  requirements_check.py:330  
[2020-11-12 16:25:29,153][SUCCESS ]: |      inkscape=1.0 is found          //  requirements_check.py:330  
[2020-11-12 16:25:29,153][SUCCESS ]: /-and-+ [Succ] Detect *latex          //  requirements_check.py:330  
[2020-11-12 16:25:29,153][SUCCESS ]: |     /--or-* [Succ] pdflatex is found at `/Library/TeX/texbin/pdflatex`          //  requirements_check.py:330  
[2020-11-12 16:25:29,153][INFO    ]: |     /--or-* [Fail] `lualatex` is NOT found in PATH          //  requirements_check.py:330  
[2020-11-12 16:25:29,153][INFO    ]: |     |      Please follow installation instructions at           //  requirements_check.py:330  
[2020-11-12 16:25:29,153][INFO    ]: |     |             [94m[4mhttps://textext.github.io/textext/install/macos.html#macos-install-preparation[0m          //  requirements_check.py:330  
[2020-11-12 16:25:29,153][INFO    ]: |     |      If lualatex is installed in custom location, specify it via           //  requirements_check.py:330  
[2020-11-12 16:25:29,153][INFO    ]: |     |             --lualatex-executable=<path-to-lualatex>          //  requirements_check.py:330  
[2020-11-12 16:25:29,153][INFO    ]: |     |      and run setup.py again          //  requirements_check.py:330  
[2020-11-12 16:25:29,153][INFO    ]: |     /--or-* [Fail] `xelatex` is NOT found in PATH          //  requirements_check.py:330  
[2020-11-12 16:25:29,153][INFO    ]: |            Please follow installation instructions at           //  requirements_check.py:330  
[2020-11-12 16:25:29,153][INFO    ]: |                   [94m[4mhttps://textext.github.io/textext/install/macos.html#macos-install-preparation[0m          //  requirements_check.py:330  
[2020-11-12 16:25:29,153][INFO    ]: |            If xelatex is installed in custom location, specify it via           //  requirements_check.py:330  
[2020-11-12 16:25:29,153][INFO    ]: |                   --xelatex-executable=<path-to-xelatex>          //  requirements_check.py:330  
[2020-11-12 16:25:29,154][INFO    ]: |            and run setup.py again          //  requirements_check.py:330  
[2020-11-12 16:25:29,154][SUCCESS ]: /-and-+ [Succ] Detect GUI library          //  requirements_check.py:330  
[2020-11-12 16:25:29,154][INFO    ]:       /--or-* [Fail] GTK3 is not found          //  requirements_check.py:330  
[2020-11-12 16:25:29,154][INFO    ]:       |      Please follow installation instructions at           //  requirements_check.py:330  
[2020-11-12 16:25:29,154][INFO    ]:       |             [94m[4mhttps://textext.github.io/textext/install/macos.html#macos-install-gtk3[0m          //  requirements_check.py:330  
[2020-11-12 16:25:29,154][SUCCESS ]:       /--or-* [Succ] TkInter is found          //  requirements_check.py:330  
[2020-11-12 16:25:29,273][DEBUG   ]: TexText.effect          //  base.py:199  
[2020-11-12 16:25:29,273][DEBUG   ]:   Using default preamble file `default_packages.tex`          //  base.py:243  
[2020-11-12 16:25:29,273][DEBUG   ]:   Run TexText GUI          //  base.py:286  
[2020-11-13 13:51:00,775][DEBUG   ]:   Run TexText GUI failed          //  base.py:287  
[2020-11-13 13:51:00,777][DEBUG   ]: TexText.effect failed          //  base.py:295  
[2020-11-18 15:59:56,911][DEBUG   ]: First run of TexText. Enforcing DEBUG mode.          //  base.py:132  
[2020-11-18 15:59:56,911][DEBUG   ]: TexText initialized          //  base.py:141  
[2020-11-18 15:59:56,912][DEBUG   ]: TexText version = '1.2.0' (md5sum = e4fabeef2c21d606483f48a642d72635)          //  base.py:143  
[2020-11-18 15:59:56,912][DEBUG   ]: platform.system() = 'Darwin'          //  base.py:146  
[2020-11-18 15:59:56,912][DEBUG   ]: platform.release() = '20.1.0'          //  base.py:147  
[2020-11-18 15:59:56,912][DEBUG   ]: platform.version() = 'Darwin Kernel Version 20.1.0: Sat Oct 31 00:07:11 PDT 2020; root:xnu-7195.50.7~2/RELEASE_X86_64'          //  base.py:148  
[2020-11-18 15:59:56,912][DEBUG   ]: platform.machine() = 'x86_64'          //  base.py:150  
[2020-11-18 15:59:56,912][DEBUG   ]: platform.uname() = uname_result(system='Darwin', node='HasanAbbas', release='20.1.0', version='Darwin Kernel Version 20.1.0: Sat Oct 31 00:07:11 PDT 2020; root:xnu-7195.50.7~2/RELEASE_X86_64', machine='x86_64', processor='i386')          //  base.py:151  
[2020-11-18 15:59:56,960][DEBUG   ]: platform.mac_ver() = ('10.16', ('', '', ''), 'x86_64')          //  base.py:152  
[2020-11-18 15:59:56,960][DEBUG   ]: sys.executable = '/Applications/Multimedia/Inkscape.app/Contents/Resources/bin/python3'          //  base.py:154  
[2020-11-18 15:59:56,960][DEBUG   ]: sys.version = '3.8.5 (default, Sep  8 2020, 23:22:39) \n[Clang 11.0.0 (clang-1100.0.33.17)]'          //  base.py:155  
[2020-11-18 15:59:56,961][DEBUG   ]: os.environ = environ({'USER': 'hasanabbas', '__CFBundleIdentifier': 'org.inkscape.Inkscape', 'COMMAND_MODE': 'unix2003', 'DBUS_LAUNCHD_SESSION_BUS_SOCKET': '/private/tmp/com.apple.launchd.ez69He5OdB/unix_domain_listener', 'LOGNAME': 'hasanabbas', 'PATH': '/Applications/Multimedia/Inkscape.app/Contents/MacOS:/Applications/Multimedia/Inkscape.app/Contents/MacOS/../Resources/bin:/usr/bin:/bin:/usr/sbin:/sbin', 'SSH_AUTH_SOCK': '/private/tmp/com.apple.launchd.P3hJ2L233c/Listeners', 'SHELL': '/bin/zsh', 'HOME': '/Users/hasanabbas', '__CF_USER_TEXT_ENCODING': '0x1F6:0x0:0x2', 'TMPDIR': '/var/folders/gm/4vzvm60d0tx4rj2pycqbmb_40000gp/T/', 'XPC_SERVICE_NAME': '0', 'XPC_FLAGS': '0x0', 'XDG_DATA_HOME': '/Users/hasanabbas/Library/Application Support/org.inkscape.Inkscape/share', 'XDG_DATA_DIRS': '/Applications/Multimedia/Inkscape.app/Contents/MacOS/../Resources/share', 'XDG_CONFIG_HOME': '/Users/hasanabbas/Library/Application Support/org.inkscape.Inkscape/config', 'XDG_CONFIG_DIRS': '/Applications/Multimedia/Inkscape.app/Contents/MacOS/../Resources/etc/xdg', 'XDG_CACHE_HOME': '/Users/hasanabbas/Library/Application Support/org.inkscape.Inkscape/cache', 'GTK_EXE_PREFIX': '/Applications/Multimedia/Inkscape.app/Contents/MacOS/../Resources', 'GTK_DATA_PREFIX': '/Applications/Multimedia/Inkscape.app/Contents/MacOS/../Resources', 'GDK_PIXBUF_MODULE_FILE': '/Applications/Multimedia/Inkscape.app/Contents/MacOS/../Resources/lib/gdk-pixbuf-2.0/2.10.0/loaders.cache', 'INKSCAPE_LOCALEDIR': '/Applications/Multimedia/Inkscape.app/Contents/MacOS/../Resources/share/locale', 'FONTCONFIG_PATH': '/Applications/Multimedia/Inkscape.app/Contents/MacOS/../Resources/etc/fonts', 'GIO_MODULE_DIR': '/Applications/Multimedia/Inkscape.app/Contents/MacOS/../Resources/lib/gio/modules', 'GI_TYPELIB_PATH': '/Applications/Multimedia/Inkscape.app/Contents/MacOS/../Resources/lib/girepository-1.0', 'DYLD_LIBRARY_PATH': '/Applications/Multimedia/Inkscape.app/Contents/MacOS/../Resources/lib:/Applications/Multimedia/Inkscape.app/Contents/MacOS/../Resources/lib/gdk-pixbuf-2.0/2.10.0/loaders', 'PYTHONPATH': '/Users/hasanabbas/Library/Application Support/org.inkscape.Inkscape/config/inkscape/extensions:/Applications/Multimedia/Inkscape.app/Contents/Resources/share/inkscape/extensions:/Applications/Multimedia/Inkscape.app/Contents/Resources/share/inkscape/extensions/inkex/deprecated-simple', 'PYTHONIOENCODING': 'UTF-8', 'INKEX_GETTEXT_DOMAIN': 'inkscape', 'INKEX_GETTEXT_DIRECTORY': '/Applications/Multimedia/Inkscape.app/Contents/MacOS/../Resources/share/locale', 'LC_CTYPE': 'UTF-8'})          //  base.py:156  
[2020-11-18 15:59:57,143][INFO    ]: Using `pdflatex-executable` = `/Library/TeX/texbin/pdflatex`          //  requirements_check.py:588  
[2020-11-18 15:59:57,539][SUCCESS ]: + [Succ] TexText requirements          //  requirements_check.py:690  
[2020-11-18 15:59:57,540][SUCCESS ]: /-and-* [Succ] Detect inkscape>=1.0          //  requirements_check.py:330  
[2020-11-18 15:59:57,540][SUCCESS ]: |      inkscape=1.0 is found          //  requirements_check.py:330  
[2020-11-18 15:59:57,540][SUCCESS ]: /-and-+ [Succ] Detect *latex          //  requirements_check.py:330  
[2020-11-18 15:59:57,540][SUCCESS ]: |     /--or-* [Succ] pdflatex is found at `/Library/TeX/texbin/pdflatex`          //  requirements_check.py:330  
[2020-11-18 15:59:57,540][INFO    ]: |     /--or-* [Fail] `lualatex` is NOT found in PATH          //  requirements_check.py:330  
[2020-11-18 15:59:57,540][INFO    ]: |     |      Please follow installation instructions at           //  requirements_check.py:330  
[2020-11-18 15:59:57,540][INFO    ]: |     |             [94m[4mhttps://textext.github.io/textext/install/macos.html#macos-install-preparation[0m          //  requirements_check.py:330  
[2020-11-18 15:59:57,540][INFO    ]: |     |      If lualatex is installed in custom location, specify it via           //  requirements_check.py:330  
[2020-11-18 15:59:57,540][INFO    ]: |     |             --lualatex-executable=<path-to-lualatex>          //  requirements_check.py:330  
[2020-11-18 15:59:57,540][INFO    ]: |     |      and run setup.py again          //  requirements_check.py:330  
[2020-11-18 15:59:57,540][INFO    ]: |     /--or-* [Fail] `xelatex` is NOT found in PATH          //  requirements_check.py:330  
[2020-11-18 15:59:57,540][INFO    ]: |            Please follow installation instructions at           //  requirements_check.py:330  
[2020-11-18 15:59:57,540][INFO    ]: |                   [94m[4mhttps://textext.github.io/textext/install/macos.html#macos-install-preparation[0m          //  requirements_check.py:330  
[2020-11-18 15:59:57,540][INFO    ]: |            If xelatex is installed in custom location, specify it via           //  requirements_check.py:330  
[2020-11-18 15:59:57,540][INFO    ]: |                   --xelatex-executable=<path-to-xelatex>          //  requirements_check.py:330  
[2020-11-18 15:59:57,540][INFO    ]: |            and run setup.py again          //  requirements_check.py:330  
[2020-11-18 15:59:57,541][SUCCESS ]: /-and-+ [Succ] Detect GUI library          //  requirements_check.py:330  
[2020-11-18 15:59:57,541][INFO    ]:       /--or-* [Fail] GTK3 is not found          //  requirements_check.py:330  
[2020-11-18 15:59:57,541][INFO    ]:       |      Please follow installation instructions at           //  requirements_check.py:330  
[2020-11-18 15:59:57,541][INFO    ]:       |             [94m[4mhttps://textext.github.io/textext/install/macos.html#macos-install-gtk3[0m          //  requirements_check.py:330  
[2020-11-18 15:59:57,541][SUCCESS ]:       /--or-* [Succ] TkInter is found          //  requirements_check.py:330  
[2020-11-18 15:59:57,645][DEBUG   ]: TexText.effect          //  base.py:199  
[2020-11-18 15:59:57,645][DEBUG   ]:   Using default preamble file `default_packages.tex`          //  base.py:243  
[2020-11-18 15:59:57,645][DEBUG   ]:   Run TexText GUI          //  base.py:286  
[2020-11-18 16:01:47,235][DEBUG   ]:     TexText.do_convert          //  base.py:352  
[2020-11-18 16:01:47,236][DEBUG   ]:       args:          //  base.py:353  
[2020-11-18 16:01:47,242][DEBUG   ]:         self = <textext.base.TexText object at 0x7fc89a77aa00>          //  base.py:355  
[2020-11-18 16:01:47,242][DEBUG   ]:         text = 'Hello\n'          //  base.py:355  
[2020-11-18 16:01:47,242][DEBUG   ]:         preamble_file = 'default_packages.tex'          //  base.py:355  
[2020-11-18 16:01:47,242][DEBUG   ]:         user_scale_factor = 1.0          //  base.py:355  
[2020-11-18 16:01:47,242][DEBUG   ]:         old_svg_ele = None          //  base.py:355  
[2020-11-18 16:01:47,242][DEBUG   ]:         alignment = 'middle center'          //  base.py:355  
[2020-11-18 16:01:47,242][DEBUG   ]:         tex_command = 'pdflatex'          //  base.py:355  
[2020-11-18 16:01:47,243][DEBUG   ]:         original_scale = None          //  base.py:355  
[2020-11-18 16:01:47,243][DEBUG   ]:         Transform = <class 'inkex.transforms.Transform'>          //  base.py:355  
[2020-11-18 16:01:47,243][DEBUG   ]:         tex_executable = '/Library/TeX/texbin/pdflatex'          //  base.py:355  
[2020-11-18 16:01:47,243][DEBUG   ]:       args: done          //  base.py:355  
[2020-11-18 16:01:47,243][DEBUG   ]:       Converting tex to svg          //  base.py:365  
[2020-11-18 16:01:47,244][DEBUG   ]:         Converting .tex to .pdf          //  base.py:517  
[2020-11-18 16:01:47,689][DEBUG   ]:         Converting .tex to .pdf done          //  base.py:547  
[2020-11-18 16:01:48,193][DEBUG   ]:       Converting tex to svg done          //  base.py:370  
[2020-11-18 16:01:48,193][DEBUG   ]:       Adding new node to document          //  base.py:390  
[2020-11-18 16:01:48,200][DEBUG   ]:       Adding new node to document done          //  base.py:411  
[2020-11-18 16:01:48,200][DEBUG   ]:       Saving global settings          //  base.py:425  
[2020-11-18 16:01:48,201][DEBUG   ]:       Saving global settings done          //  base.py:436  
[2020-11-18 16:01:48,201][DEBUG   ]:     TexText.do_convert done          //  base.py:436  
[2020-11-18 16:01:48,201][DEBUG   ]:   Run TexText GUI done          //  base.py:287  
[2020-11-18 16:01:48,201][DEBUG   ]:   Saving global GUI settings          //  base.py:289  
[2020-11-18 16:01:48,201][DEBUG   ]:   Saving global GUI settings done          //  base.py:291  
[2020-11-18 16:01:48,201][DEBUG   ]: TexText.effect done          //  base.py:295  
